<?xml version="1.0" encoding="UTF-8"?>
<testng-results ignored="0" total="1" passed="1" failed="0" skipped="0">
  <reporter-output>
  </reporter-output>
  <suite started-at="2024-12-23T22:50:22 IST" name="Default suite" finished-at="2024-12-23T23:35:05 IST" duration-ms="2683028">
    <groups>
    </groups>
    <test started-at="2024-12-23T22:50:22 IST" name="Default test" finished-at="2024-12-23T23:35:05 IST" duration-ms="2683028">
      <class name="ProspectTestCases.Tc_sugerCRM_001_ProspectCreationAndVerification">
        <test-method is-config="true" signature="Loadlogfile()[pri:0, instance:ProspectTestCases.Tc_sugerCRM_001_ProspectCreationAndVerification@3febb011]" started-at="2024-12-23T22:50:22 IST" name="Loadlogfile" finished-at="2024-12-23T22:50:22 IST" duration-ms="50" status="PASS">
          <reporter-output>
          </reporter-output>
        </test-method> <!-- Loadlogfile -->
        <test-method is-config="true" signature="getBrowser()[pri:0, instance:ProspectTestCases.Tc_sugerCRM_001_ProspectCreationAndVerification@3febb011]" started-at="2024-12-23T22:50:22 IST" name="getBrowser" finished-at="2024-12-23T22:50:35 IST" duration-ms="13035" status="PASS">
          <reporter-output>
          </reporter-output>
        </test-method> <!-- getBrowser -->
        <test-method is-config="true" signature="LoadMethods()[pri:0, instance:ProspectTestCases.Tc_sugerCRM_001_ProspectCreationAndVerification@3febb011]" started-at="2024-12-23T22:50:35 IST" name="LoadMethods" finished-at="2024-12-23T22:50:35 IST" duration-ms="21" status="PASS">
          <reporter-output>
          </reporter-output>
        </test-method> <!-- LoadMethods -->
        <test-method signature="ProspectCreationAndVerificationtestCase1()[pri:1, instance:ProspectTestCases.Tc_sugerCRM_001_ProspectCreationAndVerification@3febb011]" started-at="2024-12-23T22:50:35 IST" name="ProspectCreationAndVerificationtestCase1" finished-at="2024-12-23T23:35:05 IST" duration-ms="2669948" status="PASS">
          <reporter-output>
          </reporter-output>
        </test-method> <!-- ProspectCreationAndVerificationtestCase1 -->
      </class> <!-- ProspectTestCases.Tc_sugerCRM_001_ProspectCreationAndVerification -->
    </test> <!-- Default test -->
  </suite> <!-- Default suite -->
</testng-results>
